<?xml version="1.0" encoding="UTF-8"?>
<testng-results skipped="0" failed="7" total="7" passed="0">
  <reporter-output>
  </reporter-output>
  <suite name="Default suite" duration-ms="72907" started-at="2015-10-08T08:39:02Z" finished-at="2015-10-08T08:40:15Z">
    <groups>
    </groups>
    <test name="Default test" duration-ms="72907" started-at="2015-10-08T08:39:02Z" finished-at="2015-10-08T08:40:15Z">
      <class name="galka.streletskaya.myProject.TestSuite">
        <test-method status="PASS" signature="setUp()[pri:0, instance:galka.streletskaya.myProject.TestSuite@1c7db30]" name="setUp" is-config="true" duration-ms="2072" started-at="2015-10-08T11:39:02Z" finished-at="2015-10-08T11:39:04Z">
          <reporter-output>
          </reporter-output>
        </test-method> <!-- setUp -->
        <test-method status="FAIL" signature="Test_01(java.lang.String, java.lang.String)[pri:0, instance:galka.streletskaya.myProject.TestSuite@1c7db30]" name="Test_01" duration-ms="17803" started-at="2015-10-08T11:39:04Z" data-provider="test_1" finished-at="2015-10-08T11:39:22Z">
          <params>
            <param index="0">
              <value>
                <![CDATA[Abc.example.com]]>
              </value>
            </param>
            <param index="1">
              <value>
                <![CDATA[A '@' character must separate the local and domain parts!]]>
              </value>
            </param>
          </params>
          <exception class="java.lang.Exception">
            <message>
              <![CDATA[Assertion Error has occured:  
[Assertion Error has occured:Expected error message: 'A '@' character must separate the local and domain parts!', doesn't match the current one: 'Login failed. Please check User Name and password.']]]>
            </message>
            <full-stacktrace>
              <![CDATA[java.lang.Exception: Assertion Error has occured:  
[Assertion Error has occured:Expected error message: 'A '@' character must separate the local and domain parts!', doesn't match the current one: 'Login failed. Please check User Name and password.']
	at utils.AssertHandler.verifyNoAssertionFailed(AssertHandler.java:46)
	at galka.streletskaya.myProject.TestSuite.Test_01(TestSuite.java:35)
	at sun.reflect.NativeMethodAccessorImpl.invoke0(Native Method)
	at sun.reflect.NativeMethodAccessorImpl.invoke(NativeMethodAccessorImpl.java:62)
	at sun.reflect.DelegatingMethodAccessorImpl.invoke(DelegatingMethodAccessorImpl.java:43)
	at java.lang.reflect.Method.invoke(Method.java:497)
	at org.testng.internal.MethodInvocationHelper.invokeMethod(MethodInvocationHelper.java:85)
	at org.testng.internal.Invoker.invokeMethod(Invoker.java:659)
	at org.testng.internal.Invoker.invokeTestMethod(Invoker.java:845)
	at org.testng.internal.Invoker.invokeTestMethods(Invoker.java:1153)
	at org.testng.internal.TestMethodWorker.invokeTestMethods(TestMethodWorker.java:125)
	at org.testng.internal.TestMethodWorker.run(TestMethodWorker.java:108)
	at org.testng.TestRunner.privateRun(TestRunner.java:771)
	at org.testng.TestRunner.run(TestRunner.java:621)
	at org.testng.SuiteRunner.runTest(SuiteRunner.java:357)
	at org.testng.SuiteRunner.runSequentially(SuiteRunner.java:352)
	at org.testng.SuiteRunner.privateRun(SuiteRunner.java:310)
	at org.testng.SuiteRunner.run(SuiteRunner.java:259)
	at org.testng.SuiteRunnerWorker.runSuite(SuiteRunnerWorker.java:52)
	at org.testng.SuiteRunnerWorker.run(SuiteRunnerWorker.java:86)
	at org.testng.TestNG.runSuitesSequentially(TestNG.java:1199)
	at org.testng.TestNG.runSuitesLocally(TestNG.java:1124)
	at org.testng.TestNG.run(TestNG.java:1032)
	at org.testng.remote.RemoteTestNG.run(RemoteTestNG.java:111)
	at org.testng.remote.RemoteTestNG.initAndRun(RemoteTestNG.java:204)
	at org.testng.remote.RemoteTestNG.main(RemoteTestNG.java:175)
]]>
            </full-stacktrace>
          </exception> <!-- java.lang.Exception -->
          <reporter-output>
          </reporter-output>
        </test-method> <!-- Test_01 -->
        <test-method status="FAIL" signature="Test_01(java.lang.String, java.lang.String)[pri:0, instance:galka.streletskaya.myProject.TestSuite@1c7db30]" name="Test_01" duration-ms="8692" started-at="2015-10-08T11:39:22Z" data-provider="test_1" finished-at="2015-10-08T11:39:30Z">
          <params>
            <param index="0">
              <value>
                <![CDATA[A@b@c@example.com]]>
              </value>
            </param>
            <param index="1">
              <value>
                <![CDATA[Only one '@' symbol is allowed!]]>
              </value>
            </param>
          </params>
          <exception class="java.lang.Exception">
            <message>
              <![CDATA[Assertion Error has occured:  
[Assertion Error has occured:Expected error message: 'A '@' character must separate the local and domain parts!', doesn't match the current one: 'Login failed. Please check User Name and password.', Assertion Error has occured:Expected error message: 'Only one '@' symbol is allowed!', doesn't match the current one: 'Login failed. Please check User Name and password.']]]>
            </message>
            <full-stacktrace>
              <![CDATA[java.lang.Exception: Assertion Error has occured:  
[Assertion Error has occured:Expected error message: 'A '@' character must separate the local and domain parts!', doesn't match the current one: 'Login failed. Please check User Name and password.', Assertion Error has occured:Expected error message: 'Only one '@' symbol is allowed!', doesn't match the current one: 'Login failed. Please check User Name and password.']
	at utils.AssertHandler.verifyNoAssertionFailed(AssertHandler.java:46)
	at galka.streletskaya.myProject.TestSuite.Test_01(TestSuite.java:35)
	at sun.reflect.NativeMethodAccessorImpl.invoke0(Native Method)
	at sun.reflect.NativeMethodAccessorImpl.invoke(NativeMethodAccessorImpl.java:62)
	at sun.reflect.DelegatingMethodAccessorImpl.invoke(DelegatingMethodAccessorImpl.java:43)
	at java.lang.reflect.Method.invoke(Method.java:497)
	at org.testng.internal.MethodInvocationHelper.invokeMethod(MethodInvocationHelper.java:85)
	at org.testng.internal.Invoker.invokeMethod(Invoker.java:659)
	at org.testng.internal.Invoker.invokeTestMethod(Invoker.java:845)
	at org.testng.internal.Invoker.invokeTestMethods(Invoker.java:1153)
	at org.testng.internal.TestMethodWorker.invokeTestMethods(TestMethodWorker.java:125)
	at org.testng.internal.TestMethodWorker.run(TestMethodWorker.java:108)
	at org.testng.TestRunner.privateRun(TestRunner.java:771)
	at org.testng.TestRunner.run(TestRunner.java:621)
	at org.testng.SuiteRunner.runTest(SuiteRunner.java:357)
	at org.testng.SuiteRunner.runSequentially(SuiteRunner.java:352)
	at org.testng.SuiteRunner.privateRun(SuiteRunner.java:310)
	at org.testng.SuiteRunner.run(SuiteRunner.java:259)
	at org.testng.SuiteRunnerWorker.runSuite(SuiteRunnerWorker.java:52)
	at org.testng.SuiteRunnerWorker.run(SuiteRunnerWorker.java:86)
	at org.testng.TestNG.runSuitesSequentially(TestNG.java:1199)
	at org.testng.TestNG.runSuitesLocally(TestNG.java:1124)
	at org.testng.TestNG.run(TestNG.java:1032)
	at org.testng.remote.RemoteTestNG.run(RemoteTestNG.java:111)
	at org.testng.remote.RemoteTestNG.initAndRun(RemoteTestNG.java:204)
	at org.testng.remote.RemoteTestNG.main(RemoteTestNG.java:175)
]]>
            </full-stacktrace>
          </exception> <!-- java.lang.Exception -->
          <reporter-output>
          </reporter-output>
        </test-method> <!-- Test_01 -->
        <test-method status="FAIL" signature="Test_01(java.lang.String, java.lang.String)[pri:0, instance:galka.streletskaya.myProject.TestSuite@1c7db30]" name="Test_01" duration-ms="8375" started-at="2015-10-08T11:39:30Z" data-provider="test_1" finished-at="2015-10-08T11:39:39Z">
          <params>
            <param index="0">
              <value>
                <![CDATA[a"b(c)d,e:f;g<h>i[j\k]l@example.com]]>
              </value>
            </param>
            <param index="1">
              <value>
                <![CDATA[None of the special characters in local part are allowed outside quotation marks!]]>
              </value>
            </param>
          </params>
          <exception class="java.lang.Exception">
            <message>
              <![CDATA[Assertion Error has occured:  
[Assertion Error has occured:Expected error message: 'A '@' character must separate the local and domain parts!', doesn't match the current one: 'Login failed. Please check User Name and password.', Assertion Error has occured:Expected error message: 'Only one '@' symbol is allowed!', doesn't match the current one: 'Login failed. Please check User Name and password.', Assertion Error has occured:Expected error message: 'None of the special characters in local part are allowed outside quotation marks!', doesn't match the current one: 'Login failed. Please check User Name and password.']]]>
            </message>
            <full-stacktrace>
              <![CDATA[java.lang.Exception: Assertion Error has occured:  
[Assertion Error has occured:Expected error message: 'A '@' character must separate the local and domain parts!', doesn't match the current one: 'Login failed. Please check User Name and password.', Assertion Error has occured:Expected error message: 'Only one '@' symbol is allowed!', doesn't match the current one: 'Login failed. Please check User Name and password.', Assertion Error has occured:Expected error message: 'None of the special characters in local part are allowed outside quotation marks!', doesn't match the current one: 'Login failed. Please check User Name and password.']
	at utils.AssertHandler.verifyNoAssertionFailed(AssertHandler.java:46)
	at galka.streletskaya.myProject.TestSuite.Test_01(TestSuite.java:35)
	at sun.reflect.NativeMethodAccessorImpl.invoke0(Native Method)
	at sun.reflect.NativeMethodAccessorImpl.invoke(NativeMethodAccessorImpl.java:62)
	at sun.reflect.DelegatingMethodAccessorImpl.invoke(DelegatingMethodAccessorImpl.java:43)
	at java.lang.reflect.Method.invoke(Method.java:497)
	at org.testng.internal.MethodInvocationHelper.invokeMethod(MethodInvocationHelper.java:85)
	at org.testng.internal.Invoker.invokeMethod(Invoker.java:659)
	at org.testng.internal.Invoker.invokeTestMethod(Invoker.java:845)
	at org.testng.internal.Invoker.invokeTestMethods(Invoker.java:1153)
	at org.testng.internal.TestMethodWorker.invokeTestMethods(TestMethodWorker.java:125)
	at org.testng.internal.TestMethodWorker.run(TestMethodWorker.java:108)
	at org.testng.TestRunner.privateRun(TestRunner.java:771)
	at org.testng.TestRunner.run(TestRunner.java:621)
	at org.testng.SuiteRunner.runTest(SuiteRunner.java:357)
	at org.testng.SuiteRunner.runSequentially(SuiteRunner.java:352)
	at org.testng.SuiteRunner.privateRun(SuiteRunner.java:310)
	at org.testng.SuiteRunner.run(SuiteRunner.java:259)
	at org.testng.SuiteRunnerWorker.runSuite(SuiteRunnerWorker.java:52)
	at org.testng.SuiteRunnerWorker.run(SuiteRunnerWorker.java:86)
	at org.testng.TestNG.runSuitesSequentially(TestNG.java:1199)
	at org.testng.TestNG.runSuitesLocally(TestNG.java:1124)
	at org.testng.TestNG.run(TestNG.java:1032)
	at org.testng.remote.RemoteTestNG.run(RemoteTestNG.java:111)
	at org.testng.remote.RemoteTestNG.initAndRun(RemoteTestNG.java:204)
	at org.testng.remote.RemoteTestNG.main(RemoteTestNG.java:175)
]]>
            </full-stacktrace>
          </exception> <!-- java.lang.Exception -->
          <reporter-output>
          </reporter-output>
        </test-method> <!-- Test_01 -->
        <test-method status="FAIL" signature="Test_01(java.lang.String, java.lang.String)[pri:0, instance:galka.streletskaya.myProject.TestSuite@1c7db30]" name="Test_01" duration-ms="8639" started-at="2015-10-08T11:39:39Z" data-provider="test_1" finished-at="2015-10-08T11:39:47Z">
          <params>
            <param index="0">
              <value>
                <![CDATA[just"not"right@example.com]]>
              </value>
            </param>
            <param index="1">
              <value>
                <![CDATA[Quoted strings must be dot separated or the only element making up the local-part!]]>
              </value>
            </param>
          </params>
          <exception class="java.lang.Exception">
            <message>
              <![CDATA[Assertion Error has occured:  
[Assertion Error has occured:Expected error message: 'A '@' character must separate the local and domain parts!', doesn't match the current one: 'Login failed. Please check User Name and password.', Assertion Error has occured:Expected error message: 'Only one '@' symbol is allowed!', doesn't match the current one: 'Login failed. Please check User Name and password.', Assertion Error has occured:Expected error message: 'None of the special characters in local part are allowed outside quotation marks!', doesn't match the current one: 'Login failed. Please check User Name and password.', Assertion Error has occured:Expected error message: 'Quoted strings must be dot separated or the only element making up the local-part!', doesn't match the current one: 'Login failed. Please check User Name and password.']]]>
            </message>
            <full-stacktrace>
              <![CDATA[java.lang.Exception: Assertion Error has occured:  
[Assertion Error has occured:Expected error message: 'A '@' character must separate the local and domain parts!', doesn't match the current one: 'Login failed. Please check User Name and password.', Assertion Error has occured:Expected error message: 'Only one '@' symbol is allowed!', doesn't match the current one: 'Login failed. Please check User Name and password.', Assertion Error has occured:Expected error message: 'None of the special characters in local part are allowed outside quotation marks!', doesn't match the current one: 'Login failed. Please check User Name and password.', Assertion Error has occured:Expected error message: 'Quoted strings must be dot separated or the only element making up the local-part!', doesn't match the current one: 'Login failed. Please check User Name and password.']
	at utils.AssertHandler.verifyNoAssertionFailed(AssertHandler.java:46)
	at galka.streletskaya.myProject.TestSuite.Test_01(TestSuite.java:35)
	at sun.reflect.NativeMethodAccessorImpl.invoke0(Native Method)
	at sun.reflect.NativeMethodAccessorImpl.invoke(NativeMethodAccessorImpl.java:62)
	at sun.reflect.DelegatingMethodAccessorImpl.invoke(DelegatingMethodAccessorImpl.java:43)
	at java.lang.reflect.Method.invoke(Method.java:497)
	at org.testng.internal.MethodInvocationHelper.invokeMethod(MethodInvocationHelper.java:85)
	at org.testng.internal.Invoker.invokeMethod(Invoker.java:659)
	at org.testng.internal.Invoker.invokeTestMethod(Invoker.java:845)
	at org.testng.internal.Invoker.invokeTestMethods(Invoker.java:1153)
	at org.testng.internal.TestMethodWorker.invokeTestMethods(TestMethodWorker.java:125)
	at org.testng.internal.TestMethodWorker.run(TestMethodWorker.java:108)
	at org.testng.TestRunner.privateRun(TestRunner.java:771)
	at org.testng.TestRunner.run(TestRunner.java:621)
	at org.testng.SuiteRunner.runTest(SuiteRunner.java:357)
	at org.testng.SuiteRunner.runSequentially(SuiteRunner.java:352)
	at org.testng.SuiteRunner.privateRun(SuiteRunner.java:310)
	at org.testng.SuiteRunner.run(SuiteRunner.java:259)
	at org.testng.SuiteRunnerWorker.runSuite(SuiteRunnerWorker.java:52)
	at org.testng.SuiteRunnerWorker.run(SuiteRunnerWorker.java:86)
	at org.testng.TestNG.runSuitesSequentially(TestNG.java:1199)
	at org.testng.TestNG.runSuitesLocally(TestNG.java:1124)
	at org.testng.TestNG.run(TestNG.java:1032)
	at org.testng.remote.RemoteTestNG.run(RemoteTestNG.java:111)
	at org.testng.remote.RemoteTestNG.initAndRun(RemoteTestNG.java:204)
	at org.testng.remote.RemoteTestNG.main(RemoteTestNG.java:175)
]]>
            </full-stacktrace>
          </exception> <!-- java.lang.Exception -->
          <reporter-output>
          </reporter-output>
        </test-method> <!-- Test_01 -->
        <test-method status="FAIL" signature="Test_01(java.lang.String, java.lang.String)[pri:0, instance:galka.streletskaya.myProject.TestSuite@1c7db30]" name="Test_01" duration-ms="8494" started-at="2015-10-08T11:39:47Z" data-provider="test_1" finished-at="2015-10-08T11:39:56Z">
          <params>
            <param index="0">
              <value>
                <![CDATA[john..doe@example.com]]>
              </value>
            </param>
            <param index="1">
              <value>
                <![CDATA[Double dot is not allowed before '@' symbol!]]>
              </value>
            </param>
          </params>
          <exception class="java.lang.Exception">
            <message>
              <![CDATA[Assertion Error has occured:  
[Assertion Error has occured:Expected error message: 'A '@' character must separate the local and domain parts!', doesn't match the current one: 'Login failed. Please check User Name and password.', Assertion Error has occured:Expected error message: 'Only one '@' symbol is allowed!', doesn't match the current one: 'Login failed. Please check User Name and password.', Assertion Error has occured:Expected error message: 'None of the special characters in local part are allowed outside quotation marks!', doesn't match the current one: 'Login failed. Please check User Name and password.', Assertion Error has occured:Expected error message: 'Quoted strings must be dot separated or the only element making up the local-part!', doesn't match the current one: 'Login failed. Please check User Name and password.', Assertion Error has occured:Expected error message: 'Double dot is not allowed before '@' symbol!', doesn't match the current one: 'Login failed. Please check User Name and password.']]]>
            </message>
            <full-stacktrace>
              <![CDATA[java.lang.Exception: Assertion Error has occured:  
[Assertion Error has occured:Expected error message: 'A '@' character must separate the local and domain parts!', doesn't match the current one: 'Login failed. Please check User Name and password.', Assertion Error has occured:Expected error message: 'Only one '@' symbol is allowed!', doesn't match the current one: 'Login failed. Please check User Name and password.', Assertion Error has occured:Expected error message: 'None of the special characters in local part are allowed outside quotation marks!', doesn't match the current one: 'Login failed. Please check User Name and password.', Assertion Error has occured:Expected error message: 'Quoted strings must be dot separated or the only element making up the local-part!', doesn't match the current one: 'Login failed. Please check User Name and password.', Assertion Error has occured:Expected error message: 'Double dot is not allowed before '@' symbol!', doesn't match the current one: 'Login failed. Please check User Name and password.']
	at utils.AssertHandler.verifyNoAssertionFailed(AssertHandler.java:46)
	at galka.streletskaya.myProject.TestSuite.Test_01(TestSuite.java:35)
	at sun.reflect.NativeMethodAccessorImpl.invoke0(Native Method)
	at sun.reflect.NativeMethodAccessorImpl.invoke(NativeMethodAccessorImpl.java:62)
	at sun.reflect.DelegatingMethodAccessorImpl.invoke(DelegatingMethodAccessorImpl.java:43)
	at java.lang.reflect.Method.invoke(Method.java:497)
	at org.testng.internal.MethodInvocationHelper.invokeMethod(MethodInvocationHelper.java:85)
	at org.testng.internal.Invoker.invokeMethod(Invoker.java:659)
	at org.testng.internal.Invoker.invokeTestMethod(Invoker.java:845)
	at org.testng.internal.Invoker.invokeTestMethods(Invoker.java:1153)
	at org.testng.internal.TestMethodWorker.invokeTestMethods(TestMethodWorker.java:125)
	at org.testng.internal.TestMethodWorker.run(TestMethodWorker.java:108)
	at org.testng.TestRunner.privateRun(TestRunner.java:771)
	at org.testng.TestRunner.run(TestRunner.java:621)
	at org.testng.SuiteRunner.runTest(SuiteRunner.java:357)
	at org.testng.SuiteRunner.runSequentially(SuiteRunner.java:352)
	at org.testng.SuiteRunner.privateRun(SuiteRunner.java:310)
	at org.testng.SuiteRunner.run(SuiteRunner.java:259)
	at org.testng.SuiteRunnerWorker.runSuite(SuiteRunnerWorker.java:52)
	at org.testng.SuiteRunnerWorker.run(SuiteRunnerWorker.java:86)
	at org.testng.TestNG.runSuitesSequentially(TestNG.java:1199)
	at org.testng.TestNG.runSuitesLocally(TestNG.java:1124)
	at org.testng.TestNG.run(TestNG.java:1032)
	at org.testng.remote.RemoteTestNG.run(RemoteTestNG.java:111)
	at org.testng.remote.RemoteTestNG.initAndRun(RemoteTestNG.java:204)
	at org.testng.remote.RemoteTestNG.main(RemoteTestNG.java:175)
]]>
            </full-stacktrace>
          </exception> <!-- java.lang.Exception -->
          <reporter-output>
          </reporter-output>
        </test-method> <!-- Test_01 -->
        <test-method status="FAIL" signature="Test_01(java.lang.String, java.lang.String)[pri:0, instance:galka.streletskaya.myProject.TestSuite@1c7db30]" name="Test_01" duration-ms="8344" started-at="2015-10-08T11:39:56Z" data-provider="test_1" finished-at="2015-10-08T11:40:04Z">
          <params>
            <param index="0">
              <value>
                <![CDATA[john.doe@example..com]]>
              </value>
            </param>
            <param index="1">
              <value>
                <![CDATA[Double dot is not allowed after '@' symbol!]]>
              </value>
            </param>
          </params>
          <exception class="java.lang.Exception">
            <message>
              <![CDATA[Assertion Error has occured:  
[Assertion Error has occured:Expected error message: 'A '@' character must separate the local and domain parts!', doesn't match the current one: 'Login failed. Please check User Name and password.', Assertion Error has occured:Expected error message: 'Only one '@' symbol is allowed!', doesn't match the current one: 'Login failed. Please check User Name and password.', Assertion Error has occured:Expected error message: 'None of the special characters in local part are allowed outside quotation marks!', doesn't match the current one: 'Login failed. Please check User Name and password.', Assertion Error has occured:Expected error message: 'Quoted strings must be dot separated or the only element making up the local-part!', doesn't match the current one: 'Login failed. Please check User Name and password.', Assertion Error has occured:Expected error message: 'Double dot is not allowed before '@' symbol!', doesn't match the current one: 'Login failed. Please check User Name and password.', Assertion Error has occured:Expected error message: 'Double dot is not allowed after '@' symbol!', doesn't match the current one: 'Login failed. Please check User Name and password.']]]>
            </message>
            <full-stacktrace>
              <![CDATA[java.lang.Exception: Assertion Error has occured:  
[Assertion Error has occured:Expected error message: 'A '@' character must separate the local and domain parts!', doesn't match the current one: 'Login failed. Please check User Name and password.', Assertion Error has occured:Expected error message: 'Only one '@' symbol is allowed!', doesn't match the current one: 'Login failed. Please check User Name and password.', Assertion Error has occured:Expected error message: 'None of the special characters in local part are allowed outside quotation marks!', doesn't match the current one: 'Login failed. Please check User Name and password.', Assertion Error has occured:Expected error message: 'Quoted strings must be dot separated or the only element making up the local-part!', doesn't match the current one: 'Login failed. Please check User Name and password.', Assertion Error has occured:Expected error message: 'Double dot is not allowed before '@' symbol!', doesn't match the current one: 'Login failed. Please check User Name and password.', Assertion Error has occured:Expected error message: 'Double dot is not allowed after '@' symbol!', doesn't match the current one: 'Login failed. Please check User Name and password.']
	at utils.AssertHandler.verifyNoAssertionFailed(AssertHandler.java:46)
	at galka.streletskaya.myProject.TestSuite.Test_01(TestSuite.java:35)
	at sun.reflect.NativeMethodAccessorImpl.invoke0(Native Method)
	at sun.reflect.NativeMethodAccessorImpl.invoke(NativeMethodAccessorImpl.java:62)
	at sun.reflect.DelegatingMethodAccessorImpl.invoke(DelegatingMethodAccessorImpl.java:43)
	at java.lang.reflect.Method.invoke(Method.java:497)
	at org.testng.internal.MethodInvocationHelper.invokeMethod(MethodInvocationHelper.java:85)
	at org.testng.internal.Invoker.invokeMethod(Invoker.java:659)
	at org.testng.internal.Invoker.invokeTestMethod(Invoker.java:845)
	at org.testng.internal.Invoker.invokeTestMethods(Invoker.java:1153)
	at org.testng.internal.TestMethodWorker.invokeTestMethods(TestMethodWorker.java:125)
	at org.testng.internal.TestMethodWorker.run(TestMethodWorker.java:108)
	at org.testng.TestRunner.privateRun(TestRunner.java:771)
	at org.testng.TestRunner.run(TestRunner.java:621)
	at org.testng.SuiteRunner.runTest(SuiteRunner.java:357)
	at org.testng.SuiteRunner.runSequentially(SuiteRunner.java:352)
	at org.testng.SuiteRunner.privateRun(SuiteRunner.java:310)
	at org.testng.SuiteRunner.run(SuiteRunner.java:259)
	at org.testng.SuiteRunnerWorker.runSuite(SuiteRunnerWorker.java:52)
	at org.testng.SuiteRunnerWorker.run(SuiteRunnerWorker.java:86)
	at org.testng.TestNG.runSuitesSequentially(TestNG.java:1199)
	at org.testng.TestNG.runSuitesLocally(TestNG.java:1124)
	at org.testng.TestNG.run(TestNG.java:1032)
	at org.testng.remote.RemoteTestNG.run(RemoteTestNG.java:111)
	at org.testng.remote.RemoteTestNG.initAndRun(RemoteTestNG.java:204)
	at org.testng.remote.RemoteTestNG.main(RemoteTestNG.java:175)
]]>
            </full-stacktrace>
          </exception> <!-- java.lang.Exception -->
          <reporter-output>
          </reporter-output>
        </test-method> <!-- Test_01 -->
        <test-method status="FAIL" signature="Test_01(java.lang.String, java.lang.String)[pri:0, instance:galka.streletskaya.myProject.TestSuite@1c7db30]" name="Test_01" duration-ms="8728" started-at="2015-10-08T11:40:04Z" data-provider="test_1" finished-at="2015-10-08T11:40:13Z">
          <params>
            <param index="0">
              <value>
                <![CDATA[abc]]>
              </value>
            </param>
            <param index="1">
              <value>
                <![CDATA[Email address should match current format: username@domain.]]>
              </value>
            </param>
          </params>
          <exception class="java.lang.Exception">
            <message>
              <![CDATA[Assertion Error has occured:  
[Assertion Error has occured:Expected error message: 'A '@' character must separate the local and domain parts!', doesn't match the current one: 'Login failed. Please check User Name and password.', Assertion Error has occured:Expected error message: 'Only one '@' symbol is allowed!', doesn't match the current one: 'Login failed. Please check User Name and password.', Assertion Error has occured:Expected error message: 'None of the special characters in local part are allowed outside quotation marks!', doesn't match the current one: 'Login failed. Please check User Name and password.', Assertion Error has occured:Expected error message: 'Quoted strings must be dot separated or the only element making up the local-part!', doesn't match the current one: 'Login failed. Please check User Name and password.', Assertion Error has occured:Expected error message: 'Double dot is not allowed before '@' symbol!', doesn't match the current one: 'Login failed. Please check User Name and password.', Assertion Error has occured:Expected error message: 'Double dot is not allowed after '@' symbol!', doesn't match the current one: 'Login failed. Please check User Name and password.', Assertion Error has occured:Expected error message: 'Email address should match current format: username@domain.', doesn't match the current one: 'Login failed. Please check User Name and password.']]]>
            </message>
            <full-stacktrace>
              <![CDATA[java.lang.Exception: Assertion Error has occured:  
[Assertion Error has occured:Expected error message: 'A '@' character must separate the local and domain parts!', doesn't match the current one: 'Login failed. Please check User Name and password.', Assertion Error has occured:Expected error message: 'Only one '@' symbol is allowed!', doesn't match the current one: 'Login failed. Please check User Name and password.', Assertion Error has occured:Expected error message: 'None of the special characters in local part are allowed outside quotation marks!', doesn't match the current one: 'Login failed. Please check User Name and password.', Assertion Error has occured:Expected error message: 'Quoted strings must be dot separated or the only element making up the local-part!', doesn't match the current one: 'Login failed. Please check User Name and password.', Assertion Error has occured:Expected error message: 'Double dot is not allowed before '@' symbol!', doesn't match the current one: 'Login failed. Please check User Name and password.', Assertion Error has occured:Expected error message: 'Double dot is not allowed after '@' symbol!', doesn't match the current one: 'Login failed. Please check User Name and password.', Assertion Error has occured:Expected error message: 'Email address should match current format: username@domain.', doesn't match the current one: 'Login failed. Please check User Name and password.']
	at utils.AssertHandler.verifyNoAssertionFailed(AssertHandler.java:46)
	at galka.streletskaya.myProject.TestSuite.Test_01(TestSuite.java:35)
	at sun.reflect.NativeMethodAccessorImpl.invoke0(Native Method)
	at sun.reflect.NativeMethodAccessorImpl.invoke(NativeMethodAccessorImpl.java:62)
	at sun.reflect.DelegatingMethodAccessorImpl.invoke(DelegatingMethodAccessorImpl.java:43)
	at java.lang.reflect.Method.invoke(Method.java:497)
	at org.testng.internal.MethodInvocationHelper.invokeMethod(MethodInvocationHelper.java:85)
	at org.testng.internal.Invoker.invokeMethod(Invoker.java:659)
	at org.testng.internal.Invoker.invokeTestMethod(Invoker.java:845)
	at org.testng.internal.Invoker.invokeTestMethods(Invoker.java:1153)
	at org.testng.internal.TestMethodWorker.invokeTestMethods(TestMethodWorker.java:125)
	at org.testng.internal.TestMethodWorker.run(TestMethodWorker.java:108)
	at org.testng.TestRunner.privateRun(TestRunner.java:771)
	at org.testng.TestRunner.run(TestRunner.java:621)
	at org.testng.SuiteRunner.runTest(SuiteRunner.java:357)
	at org.testng.SuiteRunner.runSequentially(SuiteRunner.java:352)
	at org.testng.SuiteRunner.privateRun(SuiteRunner.java:310)
	at org.testng.SuiteRunner.run(SuiteRunner.java:259)
	at org.testng.SuiteRunnerWorker.runSuite(SuiteRunnerWorker.java:52)
	at org.testng.SuiteRunnerWorker.run(SuiteRunnerWorker.java:86)
	at org.testng.TestNG.runSuitesSequentially(TestNG.java:1199)
	at org.testng.TestNG.runSuitesLocally(TestNG.java:1124)
	at org.testng.TestNG.run(TestNG.java:1032)
	at org.testng.remote.RemoteTestNG.run(RemoteTestNG.java:111)
	at org.testng.remote.RemoteTestNG.initAndRun(RemoteTestNG.java:204)
	at org.testng.remote.RemoteTestNG.main(RemoteTestNG.java:175)
]]>
            </full-stacktrace>
          </exception> <!-- java.lang.Exception -->
          <reporter-output>
          </reporter-output>
        </test-method> <!-- Test_01 -->
        <test-method status="FAIL" signature="closePage()[pri:0, instance:galka.streletskaya.myProject.TestSuite@1c7db30]" name="closePage" is-config="true" duration-ms="0" started-at="2015-10-08T11:40:13Z" finished-at="2015-10-08T11:40:13Z">
          <exception class="java.lang.StackOverflowError">
            <full-stacktrace>
              <![CDATA[java.lang.StackOverflowError
	at Pages.MainPage.refreshPage(MainPage.java:22)
	at Pages.MainPage.refreshPage(MainPage.java:22)
	at Pages.MainPage.refreshPage(MainPage.java:22)
	at Pages.MainPage.refreshPage(MainPage.java:22)
	at Pages.MainPage.refreshPage(MainPage.java:22)
	at Pages.MainPage.refreshPage(MainPage.java:22)
	at Pages.MainPage.refreshPage(MainPage.java:22)
	at Pages.MainPage.refreshPage(MainPage.java:22)
	at Pages.MainPage.refreshPage(MainPage.java:22)
	at Pages.MainPage.refreshPage(MainPage.java:22)
	at Pages.MainPage.refreshPage(MainPage.java:22)
	at Pages.MainPage.refreshPage(MainPage.java:22)
	at Pages.MainPage.refreshPage(MainPage.java:22)
	at Pages.MainPage.refreshPage(MainPage.java:22)
	at Pages.MainPage.refreshPage(MainPage.java:22)
	at Pages.MainPage.refreshPage(MainPage.java:22)
	at Pages.MainPage.refreshPage(MainPage.java:22)
	at Pages.MainPage.refreshPage(MainPage.java:22)
	at Pages.MainPage.refreshPage(MainPage.java:22)
	at Pages.MainPage.refreshPage(MainPage.java:22)
	at Pages.MainPage.refreshPage(MainPage.java:22)
	at Pages.MainPage.refreshPage(MainPage.java:22)
	at Pages.MainPage.refreshPage(MainPage.java:22)
	at Pages.MainPage.refreshPage(MainPage.java:22)
	at Pages.MainPage.refreshPage(MainPage.java:22)
	at Pages.MainPage.refreshPage(MainPage.java:22)
	at Pages.MainPage.refreshPage(MainPage.java:22)
	at Pages.MainPage.refreshPage(MainPage.java:22)
	at Pages.MainPage.refreshPage(MainPage.java:22)
	at Pages.MainPage.refreshPage(MainPage.java:22)
	at Pages.MainPage.refreshPage(MainPage.java:22)
	at Pages.MainPage.refreshPage(MainPage.java:22)
	at Pages.MainPage.refreshPage(MainPage.java:22)
	at Pages.MainPage.refreshPage(MainPage.java:22)
	at Pages.MainPage.refreshPage(MainPage.java:22)
	at Pages.MainPage.refreshPage(MainPage.java:22)
	at Pages.MainPage.refreshPage(MainPage.java:22)
	at Pages.MainPage.refreshPage(MainPage.java:22)
	at Pages.MainPage.refreshPage(MainPage.java:22)
	at Pages.MainPage.refreshPage(MainPage.java:22)
	at Pages.MainPage.refreshPage(MainPage.java:22)
	at Pages.MainPage.refreshPage(MainPage.java:22)
	at Pages.MainPage.refreshPage(MainPage.java:22)
	at Pages.MainPage.refreshPage(MainPage.java:22)
	at Pages.MainPage.refreshPage(MainPage.java:22)
	at Pages.MainPage.refreshPage(MainPage.java:22)
	at Pages.MainPage.refreshPage(MainPage.java:22)
	at Pages.MainPage.refreshPage(MainPage.java:22)
	at Pages.MainPage.refreshPage(MainPage.java:22)
	at Pages.MainPage.refreshPage(MainPage.java:22)
	at Pages.MainPage.refreshPage(MainPage.java:22)
	at Pages.MainPage.refreshPage(MainPage.java:22)
	at Pages.MainPage.refreshPage(MainPage.java:22)
	at Pages.MainPage.refreshPage(MainPage.java:22)
	at Pages.MainPage.refreshPage(MainPage.java:22)
	at Pages.MainPage.refreshPage(MainPage.java:22)
	at Pages.MainPage.refreshPage(MainPage.java:22)
	at Pages.MainPage.refreshPage(MainPage.java:22)
	at Pages.MainPage.refreshPage(MainPage.java:22)
	at Pages.MainPage.refreshPage(MainPage.java:22)
	at Pages.MainPage.refreshPage(MainPage.java:22)
	at Pages.MainPage.refreshPage(MainPage.java:22)
	at Pages.MainPage.refreshPage(MainPage.java:22)
	at Pages.MainPage.refreshPage(MainPage.java:22)
	at Pages.MainPage.refreshPage(MainPage.java:22)
	at Pages.MainPage.refreshPage(MainPage.java:22)
	at Pages.MainPage.refreshPage(MainPage.java:22)
	at Pages.MainPage.refreshPage(MainPage.java:22)
	at Pages.MainPage.refreshPage(MainPage.java:22)
	at Pages.MainPage.refreshPage(MainPage.java:22)
	at Pages.MainPage.refreshPage(MainPage.java:22)
	at Pages.MainPage.refreshPage(MainPage.java:22)
	at Pages.MainPage.refreshPage(MainPage.java:22)
	at Pages.MainPage.refreshPage(MainPage.java:22)
	at Pages.MainPage.refreshPage(MainPage.java:22)
	at Pages.MainPage.refreshPage(MainPage.java:22)
	at Pages.MainPage.refreshPage(MainPage.java:22)
	at Pages.MainPage.refreshPage(MainPage.java:22)
	at Pages.MainPage.refreshPage(MainPage.java:22)
	at Pages.MainPage.refreshPage(MainPage.java:22)
	at Pages.MainPage.refreshPage(MainPage.java:22)
	at Pages.MainPage.refreshPage(MainPage.java:22)
	at Pages.MainPage.refreshPage(MainPage.java:22)
	at Pages.MainPage.refreshPage(MainPage.java:22)
	at Pages.MainPage.refreshPage(MainPage.java:22)
	at Pages.MainPage.refreshPage(MainPage.java:22)
	at Pages.MainPage.refreshPage(MainPage.java:22)
	at Pages.MainPage.refreshPage(MainPage.java:22)
	at Pages.MainPage.refreshPage(MainPage.java:22)
	at Pages.MainPage.refreshPage(MainPage.java:22)
	at Pages.MainPage.refreshPage(MainPage.java:22)
	at Pages.MainPage.refreshPage(MainPage.java:22)
	at Pages.MainPage.refreshPage(MainPage.java:22)
	at Pages.MainPage.refreshPage(MainPage.java:22)
	at Pages.MainPage.refreshPage(MainPage.java:22)
	at Pages.MainPage.refreshPage(MainPage.java:22)
	at Pages.MainPage.refreshPage(MainPage.java:22)
	at Pages.MainPage.refreshPage(MainPage.java:22)
	at Pages.MainPage.refreshPage(MainPage.java:22)
	at Pages.MainPage.refreshPage(MainPage.java:22)
	at Pages.MainPage.refreshPage(MainPage.java:22)
	at Pages.MainPage.refreshPage(MainPage.java:22)
	at Pages.MainPage.refreshPage(MainPage.java:22)
	at Pages.MainPage.refreshPage(MainPage.java:22)
	at Pages.MainPage.refreshPage(MainPage.java:22)
	at Pages.MainPage.refreshPage(MainPage.java:22)
	at Pages.MainPage.refreshPage(MainPage.java:22)
	at Pages.MainPage.refreshPage(MainPage.java:22)
	at Pages.MainPage.refreshPage(MainPage.java:22)
	at Pages.MainPage.refreshPage(MainPage.java:22)
	at Pages.MainPage.refreshPage(MainPage.java:22)
	at Pages.MainPage.refreshPage(MainPage.java:22)
	at Pages.MainPage.refreshPage(MainPage.java:22)
	at Pages.MainPage.refreshPage(MainPage.java:22)
	at Pages.MainPage.refreshPage(MainPage.java:22)
	at Pages.MainPage.refreshPage(MainPage.java:22)
	at Pages.MainPage.refreshPage(MainPage.java:22)
	at Pages.MainPage.refreshPage(MainPage.java:22)
	at Pages.MainPage.refreshPage(MainPage.java:22)
	at Pages.MainPage.refreshPage(MainPage.java:22)
	at Pages.MainPage.refreshPage(MainPage.java:22)
	at Pages.MainPage.refreshPage(MainPage.java:22)
	at Pages.MainPage.refreshPage(MainPage.java:22)
	at Pages.MainPage.refreshPage(MainPage.java:22)
	at Pages.MainPage.refreshPage(MainPage.java:22)
	at Pages.MainPage.refreshPage(MainPage.java:22)
	at Pages.MainPage.refreshPage(MainPage.java:22)
	at Pages.MainPage.refreshPage(MainPage.java:22)
	at Pages.MainPage.refreshPage(MainPage.java:22)
	at Pages.MainPage.refreshPage(MainPage.java:22)
	at Pages.MainPage.refreshPage(MainPage.java:22)
	at Pages.MainPage.refreshPage(MainPage.java:22)
	at Pages.MainPage.refreshPage(MainPage.java:22)
	at Pages.MainPage.refreshPage(MainPage.java:22)
	at Pages.MainPage.refreshPage(MainPage.java:22)
	at Pages.MainPage.refreshPage(MainPage.java:22)
	at Pages.MainPage.refreshPage(MainPage.java:22)
	at Pages.MainPage.refreshPage(MainPage.java:22)
	at Pages.MainPage.refreshPage(MainPage.java:22)
	at Pages.MainPage.refreshPage(MainPage.java:22)
	at Pages.MainPage.refreshPage(MainPage.java:22)
	at Pages.MainPage.refreshPage(MainPage.java:22)
	at Pages.MainPage.refreshPage(MainPage.java:22)
	at Pages.MainPage.refreshPage(MainPage.java:22)
	at Pages.MainPage.refreshPage(MainPage.java:22)
	at Pages.MainPage.refreshPage(MainPage.java:22)
	at Pages.MainPage.refreshPage(MainPage.java:22)
	at Pages.MainPage.refreshPage(MainPage.java:22)
	at Pages.MainPage.refreshPage(MainPage.java:22)
	at Pages.MainPage.refreshPage(MainPage.java:22)
	at Pages.MainPage.refreshPage(MainPage.java:22)
	at Pages.MainPage.refreshPage(MainPage.java:22)
	at Pages.MainPage.refreshPage(MainPage.java:22)
	at Pages.MainPage.refreshPage(MainPage.java:22)
	at Pages.MainPage.refreshPage(MainPage.java:22)
	at Pages.MainPage.refreshPage(MainPage.java:22)
	at Pages.MainPage.refreshPage(MainPage.java:22)
	at Pages.MainPage.refreshPage(MainPage.java:22)
	at Pages.MainPage.refreshPage(MainPage.java:22)
	at Pages.MainPage.refreshPage(MainPage.java:22)
	at Pages.MainPage.refreshPage(MainPage.java:22)
	at Pages.MainPage.refreshPage(MainPage.java:22)
	at Pages.MainPage.refreshPage(MainPage.java:22)
	at Pages.MainPage.refreshPage(MainPage.java:22)
	at Pages.MainPage.refreshPage(MainPage.java:22)
	at Pages.MainPage.refreshPage(MainPage.java:22)
	at Pages.MainPage.refreshPage(MainPage.java:22)
	at Pages.MainPage.refreshPage(MainPage.java:22)
	at Pages.MainPage.refreshPage(MainPage.java:22)
	at Pages.MainPage.refreshPage(MainPage.java:22)
	at Pages.MainPage.refreshPage(MainPage.java:22)
	at Pages.MainPage.refreshPage(MainPage.java:22)
	at Pages.MainPage.refreshPage(MainPage.java:22)
	at Pages.MainPage.refreshPage(MainPage.java:22)
	at Pages.MainPage.refreshPage(MainPage.java:22)
	at Pages.MainPage.refreshPage(MainPage.java:22)
	at Pages.MainPage.refreshPage(MainPage.java:22)
	at Pages.MainPage.refreshPage(MainPage.java:22)
	at Pages.MainPage.refreshPage(MainPage.java:22)
	at Pages.MainPage.refreshPage(MainPage.java:22)
	at Pages.MainPage.refreshPage(MainPage.java:22)
	at Pages.MainPage.refreshPage(MainPage.java:22)
	at Pages.MainPage.refreshPage(MainPage.java:22)
	at Pages.MainPage.refreshPage(MainPage.java:22)
	at Pages.MainPage.refreshPage(MainPage.java:22)
	at Pages.MainPage.refreshPage(MainPage.java:22)
	at Pages.MainPage.refreshPage(MainPage.java:22)
	at Pages.MainPage.refreshPage(MainPage.java:22)
	at Pages.MainPage.refreshPage(MainPage.java:22)
	at Pages.MainPage.refreshPage(MainPage.java:22)
	at Pages.MainPage.refreshPage(MainPage.java:22)
	at Pages.MainPage.refreshPage(MainPage.java:22)
	at Pages.MainPage.refreshPage(MainPage.java:22)
	at Pages.MainPage.refreshPage(MainPage.java:22)
	at Pages.MainPage.refreshPage(MainPage.java:22)
	at Pages.MainPage.refreshPage(MainPage.java:22)
	at Pages.MainPage.refreshPage(MainPage.java:22)
	at Pages.MainPage.refreshPage(MainPage.java:22)
	at Pages.MainPage.refreshPage(MainPage.java:22)
	at Pages.MainPage.refreshPage(MainPage.java:22)
	at Pages.MainPage.refreshPage(MainPage.java:22)
	at Pages.MainPage.refreshPage(MainPage.java:22)
	at Pages.MainPage.refreshPage(MainPage.java:22)
	at Pages.MainPage.refreshPage(MainPage.java:22)
	at Pages.MainPage.refreshPage(MainPage.java:22)
	at Pages.MainPage.refreshPage(MainPage.java:22)
	at Pages.MainPage.refreshPage(MainPage.java:22)
	at Pages.MainPage.refreshPage(MainPage.java:22)
	at Pages.MainPage.refreshPage(MainPage.java:22)
	at Pages.MainPage.refreshPage(MainPage.java:22)
	at Pages.MainPage.refreshPage(MainPage.java:22)
	at Pages.MainPage.refreshPage(MainPage.java:22)
	at Pages.MainPage.refreshPage(MainPage.java:22)
	at Pages.MainPage.refreshPage(MainPage.java:22)
	at Pages.MainPage.refreshPage(MainPage.java:22)
	at Pages.MainPage.refreshPage(MainPage.java:22)
	at Pages.MainPage.refreshPage(MainPage.java:22)
	at Pages.MainPage.refreshPage(MainPage.java:22)
	at Pages.MainPage.refreshPage(MainPage.java:22)
	at Pages.MainPage.refreshPage(MainPage.java:22)
	at Pages.MainPage.refreshPage(MainPage.java:22)
	at Pages.MainPage.refreshPage(MainPage.java:22)
	at Pages.MainPage.refreshPage(MainPage.java:22)
	at Pages.MainPage.refreshPage(MainPage.java:22)
	at Pages.MainPage.refreshPage(MainPage.java:22)
	at Pages.MainPage.refreshPage(MainPage.java:22)
	at Pages.MainPage.refreshPage(MainPage.java:22)
	at Pages.MainPage.refreshPage(MainPage.java:22)
	at Pages.MainPage.refreshPage(MainPage.java:22)
	at Pages.MainPage.refreshPage(MainPage.java:22)
	at Pages.MainPage.refreshPage(MainPage.java:22)
	at Pages.MainPage.refreshPage(MainPage.java:22)
	at Pages.MainPage.refreshPage(MainPage.java:22)
	at Pages.MainPage.refreshPage(MainPage.java:22)
	at Pages.MainPage.refreshPage(MainPage.java:22)
	at Pages.MainPage.refreshPage(MainPage.java:22)
	at Pages.MainPage.refreshPage(MainPage.java:22)
	at Pages.MainPage.refreshPage(MainPage.java:22)
	at Pages.MainPage.refreshPage(MainPage.java:22)
	at Pages.MainPage.refreshPage(MainPage.java:22)
	at Pages.MainPage.refreshPage(MainPage.java:22)
	at Pages.MainPage.refreshPage(MainPage.java:22)
	at Pages.MainPage.refreshPage(MainPage.java:22)
	at Pages.MainPage.refreshPage(MainPage.java:22)
	at Pages.MainPage.refreshPage(MainPage.java:22)
	at Pages.MainPage.refreshPage(MainPage.java:22)
	at Pages.MainPage.refreshPage(MainPage.java:22)
	at Pages.MainPage.refreshPage(MainPage.java:22)
	at Pages.MainPage.refreshPage(MainPage.java:22)
	at Pages.MainPage.refreshPage(MainPage.java:22)
	at Pages.MainPage.refreshPage(MainPage.java:22)
	at Pages.MainPage.refreshPage(MainPage.java:22)
	at Pages.MainPage.refreshPage(MainPage.java:22)
	at Pages.MainPage.refreshPage(MainPage.java:22)
	at Pages.MainPage.refreshPage(MainPage.java:22)
	at Pages.MainPage.refreshPage(MainPage.java:22)
	at Pages.MainPage.refreshPage(MainPage.java:22)
	at Pages.MainPage.refreshPage(MainPage.java:22)
	at Pages.MainPage.refreshPage(MainPage.java:22)
	at Pages.MainPage.refreshPage(MainPage.java:22)
	at Pages.MainPage.refreshPage(MainPage.java:22)
	at Pages.MainPage.refreshPage(MainPage.java:22)
	at Pages.MainPage.refreshPage(MainPage.java:22)
	at Pages.MainPage.refreshPage(MainPage.java:22)
	at Pages.MainPage.refreshPage(MainPage.java:22)
	at Pages.MainPage.refreshPage(MainPage.java:22)
	at Pages.MainPage.refreshPage(MainPage.java:22)
	at Pages.MainPage.refreshPage(MainPage.java:22)
	at Pages.MainPage.refreshPage(MainPage.java:22)
	at Pages.MainPage.refreshPage(MainPage.java:22)
	at Pages.MainPage.refreshPage(MainPage.java:22)
	at Pages.MainPage.refreshPage(MainPage.java:22)
	at Pages.MainPage.refreshPage(MainPage.java:22)
	at Pages.MainPage.refreshPage(MainPage.java:22)
	at Pages.MainPage.refreshPage(MainPage.java:22)
	at Pages.MainPage.refreshPage(MainPage.java:22)
	at Pages.MainPage.refreshPage(MainPage.java:22)
	at Pages.MainPage.refreshPage(MainPage.java:22)
	at Pages.MainPage.refreshPage(MainPage.java:22)
	at Pages.MainPage.refreshPage(MainPage.java:22)
	at Pages.MainPage.refreshPage(MainPage.java:22)
	at Pages.MainPage.refreshPage(MainPage.java:22)
	at Pages.MainPage.refreshPage(MainPage.java:22)
	at Pages.MainPage.refreshPage(MainPage.java:22)
	at Pages.MainPage.refreshPage(MainPage.java:22)
	at Pages.MainPage.refreshPage(MainPage.java:22)
	at Pages.MainPage.refreshPage(MainPage.java:22)
	at Pages.MainPage.refreshPage(MainPage.java:22)
	at Pages.MainPage.refreshPage(MainPage.java:22)
	at Pages.MainPage.refreshPage(MainPage.java:22)
	at Pages.MainPage.refreshPage(MainPage.java:22)
	at Pages.MainPage.refreshPage(MainPage.java:22)
	at Pages.MainPage.refreshPage(MainPage.java:22)
	at Pages.MainPage.refreshPage(MainPage.java:22)
	at Pages.MainPage.refreshPage(MainPage.java:22)
	at Pages.MainPage.refreshPage(MainPage.java:22)
	at Pages.MainPage.refreshPage(MainPage.java:22)
	at Pages.MainPage.refreshPage(MainPage.java:22)
	at Pages.MainPage.refreshPage(MainPage.java:22)
	at Pages.MainPage.refreshPage(MainPage.java:22)
	at Pages.MainPage.refreshPage(MainPage.java:22)
	at Pages.MainPage.refreshPage(MainPage.java:22)
	at Pages.MainPage.refreshPage(MainPage.java:22)
	at Pages.MainPage.refreshPage(MainPage.java:22)
	at Pages.MainPage.refreshPage(MainPage.java:22)
	at Pages.MainPage.refreshPage(MainPage.java:22)
	at Pages.MainPage.refreshPage(MainPage.java:22)
	at Pages.MainPage.refreshPage(MainPage.java:22)
	at Pages.MainPage.refreshPage(MainPage.java:22)
	at Pages.MainPage.refreshPage(MainPage.java:22)
	at Pages.MainPage.refreshPage(MainPage.java:22)
	at Pages.MainPage.refreshPage(MainPage.java:22)
	at Pages.MainPage.refreshPage(MainPage.java:22)
	at Pages.MainPage.refreshPage(MainPage.java:22)
	at Pages.MainPage.refreshPage(MainPage.java:22)
	at Pages.MainPage.refreshPage(MainPage.java:22)
	at Pages.MainPage.refreshPage(MainPage.java:22)
	at Pages.MainPage.refreshPage(MainPage.java:22)
	at Pages.MainPage.refreshPage(MainPage.java:22)
	at Pages.MainPage.refreshPage(MainPage.java:22)
	at Pages.MainPage.refreshPage(MainPage.java:22)
	at Pages.MainPage.refreshPage(MainPage.java:22)
	at Pages.MainPage.refreshPage(MainPage.java:22)
	at Pages.MainPage.refreshPage(MainPage.java:22)
	at Pages.MainPage.refreshPage(MainPage.java:22)
	at Pages.MainPage.refreshPage(MainPage.java:22)
	at Pages.MainPage.refreshPage(MainPage.java:22)
	at Pages.MainPage.refreshPage(MainPage.java:22)
	at Pages.MainPage.refreshPage(MainPage.java:22)
	at Pages.MainPage.refreshPage(MainPage.java:22)
	at Pages.MainPage.refreshPage(MainPage.java:22)
	at Pages.MainPage.refreshPage(MainPage.java:22)
	at Pages.MainPage.refreshPage(MainPage.java:22)
	at Pages.MainPage.refreshPage(MainPage.java:22)
	at Pages.MainPage.refreshPage(MainPage.java:22)
	at Pages.MainPage.refreshPage(MainPage.java:22)
	at Pages.MainPage.refreshPage(MainPage.java:22)
	at Pages.MainPage.refreshPage(MainPage.java:22)
	at Pages.MainPage.refreshPage(MainPage.java:22)
	at Pages.MainPage.refreshPage(MainPage.java:22)
	at Pages.MainPage.refreshPage(MainPage.java:22)
	at Pages.MainPage.refreshPage(MainPage.java:22)
	at Pages.MainPage.refreshPage(MainPage.java:22)
	at Pages.MainPage.refreshPage(MainPage.java:22)
	at Pages.MainPage.refreshPage(MainPage.java:22)
	at Pages.MainPage.refreshPage(MainPage.java:22)
	at Pages.MainPage.refreshPage(MainPage.java:22)
	at Pages.MainPage.refreshPage(MainPage.java:22)
	at Pages.MainPage.refreshPage(MainPage.java:22)
	at Pages.MainPage.refreshPage(MainPage.java:22)
	at Pages.MainPage.refreshPage(MainPage.java:22)
	at Pages.MainPage.refreshPage(MainPage.java:22)
	at Pages.MainPage.refreshPage(MainPage.java:22)
	at Pages.MainPage.refreshPage(MainPage.java:22)
	at Pages.MainPage.refreshPage(MainPage.java:22)
	at Pages.MainPage.refreshPage(MainPage.java:22)
	at Pages.MainPage.refreshPage(MainPage.java:22)
	at Pages.MainPage.refreshPage(MainPage.java:22)
	at Pages.MainPage.refreshPage(MainPage.java:22)
	at Pages.MainPage.refreshPage(MainPage.java:22)
	at Pages.MainPage.refreshPage(MainPage.java:22)
	at Pages.MainPage.refreshPage(MainPage.java:22)
	at Pages.MainPage.refreshPage(MainPage.java:22)
	at Pages.MainPage.refreshPage(MainPage.java:22)
	at Pages.MainPage.refreshPage(MainPage.java:22)
	at Pages.MainPage.refreshPage(MainPage.java:22)
	at Pages.MainPage.refreshPage(MainPage.java:22)
	at Pages.MainPage.refreshPage(MainPage.java:22)
	at Pages.MainPage.refreshPage(MainPage.java:22)
	at Pages.MainPage.refreshPage(MainPage.java:22)
	at Pages.MainPage.refreshPage(MainPage.java:22)
	at Pages.MainPage.refreshPage(MainPage.java:22)
	at Pages.MainPage.refreshPage(MainPage.java:22)
	at Pages.MainPage.refreshPage(MainPage.java:22)
	at Pages.MainPage.refreshPage(MainPage.java:22)
	at Pages.MainPage.refreshPage(MainPage.java:22)
	at Pages.MainPage.refreshPage(MainPage.java:22)
	at Pages.MainPage.refreshPage(MainPage.java:22)
	at Pages.MainPage.refreshPage(MainPage.java:22)
	at Pages.MainPage.refreshPage(MainPage.java:22)
	at Pages.MainPage.refreshPage(MainPage.java:22)
	at Pages.MainPage.refreshPage(MainPage.java:22)
	at Pages.MainPage.refreshPage(MainPage.java:22)
	at Pages.MainPage.refreshPage(MainPage.java:22)
	at Pages.MainPage.refreshPage(MainPage.java:22)
	at Pages.MainPage.refreshPage(MainPage.java:22)
	at Pages.MainPage.refreshPage(MainPage.java:22)
	at Pages.MainPage.refreshPage(MainPage.java:22)
	at Pages.MainPage.refreshPage(MainPage.java:22)
	at Pages.MainPage.refreshPage(MainPage.java:22)
	at Pages.MainPage.refreshPage(MainPage.java:22)
	at Pages.MainPage.refreshPage(MainPage.java:22)
	at Pages.MainPage.refreshPage(MainPage.java:22)
	at Pages.MainPage.refreshPage(MainPage.java:22)
	at Pages.MainPage.refreshPage(MainPage.java:22)
	at Pages.MainPage.refreshPage(MainPage.java:22)
	at Pages.MainPage.refreshPage(MainPage.java:22)
	at Pages.MainPage.refreshPage(MainPage.java:22)
	at Pages.MainPage.refreshPage(MainPage.java:22)
	at Pages.MainPage.refreshPage(MainPage.java:22)
	at Pages.MainPage.refreshPage(MainPage.java:22)
	at Pages.MainPage.refreshPage(MainPage.java:22)
	at Pages.MainPage.refreshPage(MainPage.java:22)
	at Pages.MainPage.refreshPage(MainPage.java:22)
	at Pages.MainPage.refreshPage(MainPage.java:22)
	at Pages.MainPage.refreshPage(MainPage.java:22)
	at Pages.MainPage.refreshPage(MainPage.java:22)
	at Pages.MainPage.refreshPage(MainPage.java:22)
	at Pages.MainPage.refreshPage(MainPage.java:22)
	at Pages.MainPage.refreshPage(MainPage.java:22)
	at Pages.MainPage.refreshPage(MainPage.java:22)
	at Pages.MainPage.refreshPage(MainPage.java:22)
	at Pages.MainPage.refreshPage(MainPage.java:22)
	at Pages.MainPage.refreshPage(MainPage.java:22)
	at Pages.MainPage.refreshPage(MainPage.java:22)
	at Pages.MainPage.refreshPage(MainPage.java:22)
	at Pages.MainPage.refreshPage(MainPage.java:22)
	at Pages.MainPage.refreshPage(MainPage.java:22)
	at Pages.MainPage.refreshPage(MainPage.java:22)
	at Pages.MainPage.refreshPage(MainPage.java:22)
	at Pages.MainPage.refreshPage(MainPage.java:22)
	at Pages.MainPage.refreshPage(MainPage.java:22)
	at Pages.MainPage.refreshPage(MainPage.java:22)
	at Pages.MainPage.refreshPage(MainPage.java:22)
	at Pages.MainPage.refreshPage(MainPage.java:22)
	at Pages.MainPage.refreshPage(MainPage.java:22)
	at Pages.MainPage.refreshPage(MainPage.java:22)
	at Pages.MainPage.refreshPage(MainPage.java:22)
	at Pages.MainPage.refreshPage(MainPage.java:22)
	at Pages.MainPage.refreshPage(MainPage.java:22)
	at Pages.MainPage.refreshPage(MainPage.java:22)
	at Pages.MainPage.refreshPage(MainPage.java:22)
	at Pages.MainPage.refreshPage(MainPage.java:22)
	at Pages.MainPage.refreshPage(MainPage.java:22)
	at Pages.MainPage.refreshPage(MainPage.java:22)
	at Pages.MainPage.refreshPage(MainPage.java:22)
	at Pages.MainPage.refreshPage(MainPage.java:22)
	at Pages.MainPage.refreshPage(MainPage.java:22)
	at Pages.MainPage.refreshPage(MainPage.java:22)
	at Pages.MainPage.refreshPage(MainPage.java:22)
	at Pages.MainPage.refreshPage(MainPage.java:22)
	at Pages.MainPage.refreshPage(MainPage.java:22)
	at Pages.MainPage.refreshPage(MainPage.java:22)
	at Pages.MainPage.refreshPage(MainPage.java:22)
	at Pages.MainPage.refreshPage(MainPage.java:22)
	at Pages.MainPage.refreshPage(MainPage.java:22)
	at Pages.MainPage.refreshPage(MainPage.java:22)
	at Pages.MainPage.refreshPage(MainPage.java:22)
	at Pages.MainPage.refreshPage(MainPage.java:22)
	at Pages.MainPage.refreshPage(MainPage.java:22)
	at Pages.MainPage.refreshPage(MainPage.java:22)
	at Pages.MainPage.refreshPage(MainPage.java:22)
	at Pages.MainPage.refreshPage(MainPage.java:22)
	at Pages.MainPage.refreshPage(MainPage.java:22)
	at Pages.MainPage.refreshPage(MainPage.java:22)
	at Pages.MainPage.refreshPage(MainPage.java:22)
	at Pages.MainPage.refreshPage(MainPage.java:22)
	at Pages.MainPage.refreshPage(MainPage.java:22)
	at Pages.MainPage.refreshPage(MainPage.java:22)
	at Pages.MainPage.refreshPage(MainPage.java:22)
	at Pages.MainPage.refreshPage(MainPage.java:22)
	at Pages.MainPage.refreshPage(MainPage.java:22)
	at Pages.MainPage.refreshPage(MainPage.java:22)
	at Pages.MainPage.refreshPage(MainPage.java:22)
	at Pages.MainPage.refreshPage(MainPage.java:22)
	at Pages.MainPage.refreshPage(MainPage.java:22)
	at Pages.MainPage.refreshPage(MainPage.java:22)
	at Pages.MainPage.refreshPage(MainPage.java:22)
	at Pages.MainPage.refreshPage(MainPage.java:22)
	at Pages.MainPage.refreshPage(MainPage.java:22)
	at Pages.MainPage.refreshPage(MainPage.java:22)
	at Pages.MainPage.refreshPage(MainPage.java:22)
	at Pages.MainPage.refreshPage(MainPage.java:22)
	at Pages.MainPage.refreshPage(MainPage.java:22)
	at Pages.MainPage.refreshPage(MainPage.java:22)
	at Pages.MainPage.refreshPage(MainPage.java:22)
	at Pages.MainPage.refreshPage(MainPage.java:22)
	at Pages.MainPage.refreshPage(MainPage.java:22)
	at Pages.MainPage.refreshPage(MainPage.java:22)
	at Pages.MainPage.refreshPage(MainPage.java:22)
	at Pages.MainPage.refreshPage(MainPage.java:22)
	at Pages.MainPage.refreshPage(MainPage.java:22)
	at Pages.MainPage.refreshPage(MainPage.java:22)
	at Pages.MainPage.refreshPage(MainPage.java:22)
	at Pages.MainPage.refreshPage(MainPage.java:22)
	at Pages.MainPage.refreshPage(MainPage.java:22)
	at Pages.MainPage.refreshPage(MainPage.java:22)
	at Pages.MainPage.refreshPage(MainPage.java:22)
	at Pages.MainPage.refreshPage(MainPage.java:22)
	at Pages.MainPage.refreshPage(MainPage.java:22)
	at Pages.MainPage.refreshPage(MainPage.java:22)
	at Pages.MainPage.refreshPage(MainPage.java:22)
	at Pages.MainPage.refreshPage(MainPage.java:22)
	at Pages.MainPage.refreshPage(MainPage.java:22)
	at Pages.MainPage.refreshPage(MainPage.java:22)
	at Pages.MainPage.refreshPage(MainPage.java:22)
	at Pages.MainPage.refreshPage(MainPage.java:22)
	at Pages.MainPage.refreshPage(MainPage.java:22)
	at Pages.MainPage.refreshPage(MainPage.java:22)
	at Pages.MainPage.refreshPage(MainPage.java:22)
	at Pages.MainPage.refreshPage(MainPage.java:22)
	at Pages.MainPage.refreshPage(MainPage.java:22)
	at Pages.MainPage.refreshPage(MainPage.java:22)
	at Pages.MainPage.refreshPage(MainPage.java:22)
	at Pages.MainPage.refreshPage(MainPage.java:22)
	at Pages.MainPage.refreshPage(MainPage.java:22)
	at Pages.MainPage.refreshPage(MainPage.java:22)
	at Pages.MainPage.refreshPage(MainPage.java:22)
	at Pages.MainPage.refreshPage(MainPage.java:22)
	at Pages.MainPage.refreshPage(MainPage.java:22)
	at Pages.MainPage.refreshPage(MainPage.java:22)
	at Pages.MainPage.refreshPage(MainPage.java:22)
	at Pages.MainPage.refreshPage(MainPage.java:22)
	at Pages.MainPage.refreshPage(MainPage.java:22)
	at Pages.MainPage.refreshPage(MainPage.java:22)
	at Pages.MainPage.refreshPage(MainPage.java:22)
	at Pages.MainPage.refreshPage(MainPage.java:22)
	at Pages.MainPage.refreshPage(MainPage.java:22)
	at Pages.MainPage.refreshPage(MainPage.java:22)
	at Pages.MainPage.refreshPage(MainPage.java:22)
	at Pages.MainPage.refreshPage(MainPage.java:22)
	at Pages.MainPage.refreshPage(MainPage.java:22)
	at Pages.MainPage.refreshPage(MainPage.java:22)
	at Pages.MainPage.refreshPage(MainPage.java:22)
	at Pages.MainPage.refreshPage(MainPage.java:22)
	at Pages.MainPage.refreshPage(MainPage.java:22)
	at Pages.MainPage.refreshPage(MainPage.java:22)
	at Pages.MainPage.refreshPage(MainPage.java:22)
	at Pages.MainPage.refreshPage(MainPage.java:22)
	at Pages.MainPage.refreshPage(MainPage.java:22)
	at Pages.MainPage.refreshPage(MainPage.java:22)
	at Pages.MainPage.refreshPage(MainPage.java:22)
	at Pages.MainPage.refreshPage(MainPage.java:22)
	at Pages.MainPage.refreshPage(MainPage.java:22)
	at Pages.MainPage.refreshPage(MainPage.java:22)
	at Pages.MainPage.refreshPage(MainPage.java:22)
	at Pages.MainPage.refreshPage(MainPage.java:22)
	at Pages.MainPage.refreshPage(MainPage.java:22)
	at Pages.MainPage.refreshPage(MainPage.java:22)
	at Pages.MainPage.refreshPage(MainPage.java:22)
	at Pages.MainPage.refreshPage(MainPage.java:22)
	at Pages.MainPage.refreshPage(MainPage.java:22)
	at Pages.MainPage.refreshPage(MainPage.java:22)
	at Pages.MainPage.refreshPage(MainPage.java:22)
	at Pages.MainPage.refreshPage(MainPage.java:22)
	at Pages.MainPage.refreshPage(MainPage.java:22)
	at Pages.MainPage.refreshPage(MainPage.java:22)
	at Pages.MainPage.refreshPage(MainPage.java:22)
	at Pages.MainPage.refreshPage(MainPage.java:22)
	at Pages.MainPage.refreshPage(MainPage.java:22)
	at Pages.MainPage.refreshPage(MainPage.java:22)
	at Pages.MainPage.refreshPage(MainPage.java:22)
	at Pages.MainPage.refreshPage(MainPage.java:22)
	at Pages.MainPage.refreshPage(MainPage.java:22)
	at Pages.MainPage.refreshPage(MainPage.java:22)
	at Pages.MainPage.refreshPage(MainPage.java:22)
	at Pages.MainPage.refreshPage(MainPage.java:22)
	at Pages.MainPage.refreshPage(MainPage.java:22)
	at Pages.MainPage.refreshPage(MainPage.java:22)
	at Pages.MainPage.refreshPage(MainPage.java:22)
	at Pages.MainPage.refreshPage(MainPage.java:22)
	at Pages.MainPage.refreshPage(MainPage.java:22)
	at Pages.MainPage.refreshPage(MainPage.java:22)
	at Pages.MainPage.refreshPage(MainPage.java:22)
	at Pages.MainPage.refreshPage(MainPage.java:22)
	at Pages.MainPage.refreshPage(MainPage.java:22)
	at Pages.MainPage.refreshPage(MainPage.java:22)
	at Pages.MainPage.refreshPage(MainPage.java:22)
	at Pages.MainPage.refreshPage(MainPage.java:22)
	at Pages.MainPage.refreshPage(MainPage.java:22)
	at Pages.MainPage.refreshPage(MainPage.java:22)
	at Pages.MainPage.refreshPage(MainPage.java:22)
	at Pages.MainPage.refreshPage(MainPage.java:22)
	at Pages.MainPage.refreshPage(MainPage.java:22)
	at Pages.MainPage.refreshPage(MainPage.java:22)
	at Pages.MainPage.refreshPage(MainPage.java:22)
	at Pages.MainPage.refreshPage(MainPage.java:22)
	at Pages.MainPage.refreshPage(MainPage.java:22)
	at Pages.MainPage.refreshPage(MainPage.java:22)
	at Pages.MainPage.refreshPage(MainPage.java:22)
	at Pages.MainPage.refreshPage(MainPage.java:22)
	at Pages.MainPage.refreshPage(MainPage.java:22)
	at Pages.MainPage.refreshPage(MainPage.java:22)
	at Pages.MainPage.refreshPage(MainPage.java:22)
	at Pages.MainPage.refreshPage(MainPage.java:22)
	at Pages.MainPage.refreshPage(MainPage.java:22)
	at Pages.MainPage.refreshPage(MainPage.java:22)
	at Pages.MainPage.refreshPage(MainPage.java:22)
	at Pages.MainPage.refreshPage(MainPage.java:22)
	at Pages.MainPage.refreshPage(MainPage.java:22)
	at Pages.MainPage.refreshPage(MainPage.java:22)
	at Pages.MainPage.refreshPage(MainPage.java:22)
	at Pages.MainPage.refreshPage(MainPage.java:22)
	at Pages.MainPage.refreshPage(MainPage.java:22)
	at Pages.MainPage.refreshPage(MainPage.java:22)
	at Pages.MainPage.refreshPage(MainPage.java:22)
	at Pages.MainPage.refreshPage(MainPage.java:22)
	at Pages.MainPage.refreshPage(MainPage.java:22)
	at Pages.MainPage.refreshPage(MainPage.java:22)
	at Pages.MainPage.refreshPage(MainPage.java:22)
	at Pages.MainPage.refreshPage(MainPage.java:22)
	at Pages.MainPage.refreshPage(MainPage.java:22)
	at Pages.MainPage.refreshPage(MainPage.java:22)
	at Pages.MainPage.refreshPage(MainPage.java:22)
	at Pages.MainPage.refreshPage(MainPage.java:22)
	at Pages.MainPage.refreshPage(MainPage.java:22)
	at Pages.MainPage.refreshPage(MainPage.java:22)
	at Pages.MainPage.refreshPage(MainPage.java:22)
	at Pages.MainPage.refreshPage(MainPage.java:22)
	at Pages.MainPage.refreshPage(MainPage.java:22)
	at Pages.MainPage.refreshPage(MainPage.java:22)
	at Pages.MainPage.refreshPage(MainPage.java:22)
	at Pages.MainPage.refreshPage(MainPage.java:22)
	at Pages.MainPage.refreshPage(MainPage.java:22)
	at Pages.MainPage.refreshPage(MainPage.java:22)
	at Pages.MainPage.refreshPage(MainPage.java:22)
	at Pages.MainPage.refreshPage(MainPage.java:22)
	at Pages.MainPage.refreshPage(MainPage.java:22)
	at Pages.MainPage.refreshPage(MainPage.java:22)
	at Pages.MainPage.refreshPage(MainPage.java:22)
	at Pages.MainPage.refreshPage(MainPage.java:22)
	at Pages.MainPage.refreshPage(MainPage.java:22)
	at Pages.MainPage.refreshPage(MainPage.java:22)
	at Pages.MainPage.refreshPage(MainPage.java:22)
	at Pages.MainPage.refreshPage(MainPage.java:22)
	at Pages.MainPage.refreshPage(MainPage.java:22)
	at Pages.MainPage.refreshPage(MainPage.java:22)
	at Pages.MainPage.refreshPage(MainPage.java:22)
	at Pages.MainPage.refreshPage(MainPage.java:22)
	at Pages.MainPage.refreshPage(MainPage.java:22)
	at Pages.MainPage.refreshPage(MainPage.java:22)
	at Pages.MainPage.refreshPage(MainPage.java:22)
	at Pages.MainPage.refreshPage(MainPage.java:22)
	at Pages.MainPage.refreshPage(MainPage.java:22)
	at Pages.MainPage.refreshPage(MainPage.java:22)
	at Pages.MainPage.refreshPage(MainPage.java:22)
	at Pages.MainPage.refreshPage(MainPage.java:22)
	at Pages.MainPage.refreshPage(MainPage.java:22)
	at Pages.MainPage.refreshPage(MainPage.java:22)
	at Pages.MainPage.refreshPage(MainPage.java:22)
	at Pages.MainPage.refreshPage(MainPage.java:22)
	at Pages.MainPage.refreshPage(MainPage.java:22)
	at Pages.MainPage.refreshPage(MainPage.java:22)
	at Pages.MainPage.refreshPage(MainPage.java:22)
	at Pages.MainPage.refreshPage(MainPage.java:22)
	at Pages.MainPage.refreshPage(MainPage.java:22)
	at Pages.MainPage.refreshPage(MainPage.java:22)
	at Pages.MainPage.refreshPage(MainPage.java:22)
	at Pages.MainPage.refreshPage(MainPage.java:22)
	at Pages.MainPage.refreshPage(MainPage.java:22)
	at Pages.MainPage.refreshPage(MainPage.java:22)
	at Pages.MainPage.refreshPage(MainPage.java:22)
	at Pages.MainPage.refreshPage(MainPage.java:22)
	at Pages.MainPage.refreshPage(MainPage.java:22)
	at Pages.MainPage.refreshPage(MainPage.java:22)
	at Pages.MainPage.refreshPage(MainPage.java:22)
	at Pages.MainPage.refreshPage(MainPage.java:22)
	at Pages.MainPage.refreshPage(MainPage.java:22)
	at Pages.MainPage.refreshPage(MainPage.java:22)
	at Pages.MainPage.refreshPage(MainPage.java:22)
	at Pages.MainPage.refreshPage(MainPage.java:22)
	at Pages.MainPage.refreshPage(MainPage.java:22)
	at Pages.MainPage.refreshPage(MainPage.java:22)
	at Pages.MainPage.refreshPage(MainPage.java:22)
	at Pages.MainPage.refreshPage(MainPage.java:22)
	at Pages.MainPage.refreshPage(MainPage.java:22)
	at Pages.MainPage.refreshPage(MainPage.java:22)
	at Pages.MainPage.refreshPage(MainPage.java:22)
	at Pages.MainPage.refreshPage(MainPage.java:22)
	at Pages.MainPage.refreshPage(MainPage.java:22)
	at Pages.MainPage.refreshPage(MainPage.java:22)
	at Pages.MainPage.refreshPage(MainPage.java:22)
	at Pages.MainPage.refreshPage(MainPage.java:22)
	at Pages.MainPage.refreshPage(MainPage.java:22)
	at Pages.MainPage.refreshPage(MainPage.java:22)
	at Pages.MainPage.refreshPage(MainPage.java:22)
	at Pages.MainPage.refreshPage(MainPage.java:22)
	at Pages.MainPage.refreshPage(MainPage.java:22)
	at Pages.MainPage.refreshPage(MainPage.java:22)
	at Pages.MainPage.refreshPage(MainPage.java:22)
	at Pages.MainPage.refreshPage(MainPage.java:22)
	at Pages.MainPage.refreshPage(MainPage.java:22)
	at Pages.MainPage.refreshPage(MainPage.java:22)
	at Pages.MainPage.refreshPage(MainPage.java:22)
	at Pages.MainPage.refreshPage(MainPage.java:22)
	at Pages.MainPage.refreshPage(MainPage.java:22)
	at Pages.MainPage.refreshPage(MainPage.java:22)
	at Pages.MainPage.refreshPage(MainPage.java:22)
	at Pages.MainPage.refreshPage(MainPage.java:22)
	at Pages.MainPage.refreshPage(MainPage.java:22)
	at Pages.MainPage.refreshPage(MainPage.java:22)
	at Pages.MainPage.refreshPage(MainPage.java:22)
	at Pages.MainPage.refreshPage(MainPage.java:22)
	at Pages.MainPage.refreshPage(MainPage.java:22)
	at Pages.MainPage.refreshPage(MainPage.java:22)
	at Pages.MainPage.refreshPage(MainPage.java:22)
	at Pages.MainPage.refreshPage(MainPage.java:22)
	at Pages.MainPage.refreshPage(MainPage.java:22)
	at Pages.MainPage.refreshPage(MainPage.java:22)
	at Pages.MainPage.refreshPage(MainPage.java:22)
	at Pages.MainPage.refreshPage(MainPage.java:22)
	at Pages.MainPage.refreshPage(MainPage.java:22)
	at Pages.MainPage.refreshPage(MainPage.java:22)
	at Pages.MainPage.refreshPage(MainPage.java:22)
	at Pages.MainPage.refreshPage(MainPage.java:22)
	at Pages.MainPage.refreshPage(MainPage.java:22)
	at Pages.MainPage.refreshPage(MainPage.java:22)
	at Pages.MainPage.refreshPage(MainPage.java:22)
	at Pages.MainPage.refreshPage(MainPage.java:22)
	at Pages.MainPage.refreshPage(MainPage.java:22)
	at Pages.MainPage.refreshPage(MainPage.java:22)
	at Pages.MainPage.refreshPage(MainPage.java:22)
	at Pages.MainPage.refreshPage(MainPage.java:22)
	at Pages.MainPage.refreshPage(MainPage.java:22)
	at Pages.MainPage.refreshPage(MainPage.java:22)
	at Pages.MainPage.refreshPage(MainPage.java:22)
	at Pages.MainPage.refreshPage(MainPage.java:22)
	at Pages.MainPage.refreshPage(MainPage.java:22)
	at Pages.MainPage.refreshPage(MainPage.java:22)
	at Pages.MainPage.refreshPage(MainPage.java:22)
	at Pages.MainPage.refreshPage(MainPage.java:22)
	at Pages.MainPage.refreshPage(MainPage.java:22)
	at Pages.MainPage.refreshPage(MainPage.java:22)
	at Pages.MainPage.refreshPage(MainPage.java:22)
	at Pages.MainPage.refreshPage(MainPage.java:22)
	at Pages.MainPage.refreshPage(MainPage.java:22)
	at Pages.MainPage.refreshPage(MainPage.java:22)
	at Pages.MainPage.refreshPage(MainPage.java:22)
	at Pages.MainPage.refreshPage(MainPage.java:22)
	at Pages.MainPage.refreshPage(MainPage.java:22)
	at Pages.MainPage.refreshPage(MainPage.java:22)
	at Pages.MainPage.refreshPage(MainPage.java:22)
	at Pages.MainPage.refreshPage(MainPage.java:22)
	at Pages.MainPage.refreshPage(MainPage.java:22)
	at Pages.MainPage.refreshPage(MainPage.java:22)
	at Pages.MainPage.refreshPage(MainPage.java:22)
	at Pages.MainPage.refreshPage(MainPage.java:22)
	at Pages.MainPage.refreshPage(MainPage.java:22)
	at Pages.MainPage.refreshPage(MainPage.java:22)
	at Pages.MainPage.refreshPage(MainPage.java:22)
	at Pages.MainPage.refreshPage(MainPage.java:22)
	at Pages.MainPage.refreshPage(MainPage.java:22)
	at Pages.MainPage.refreshPage(MainPage.java:22)
	at Pages.MainPage.refreshPage(MainPage.java:22)
	at Pages.MainPage.refreshPage(MainPage.java:22)
	at Pages.MainPage.refreshPage(MainPage.java:22)
	at Pages.MainPage.refreshPage(MainPage.java:22)
	at Pages.MainPage.refreshPage(MainPage.java:22)
	at Pages.MainPage.refreshPage(MainPage.java:22)
	at Pages.MainPage.refreshPage(MainPage.java:22)
	at Pages.MainPage.refreshPage(MainPage.java:22)
	at Pages.MainPage.refreshPage(MainPage.java:22)
	at Pages.MainPage.refreshPage(MainPage.java:22)
	at Pages.MainPage.refreshPage(MainPage.java:22)
	at Pages.MainPage.refreshPage(MainPage.java:22)
	at Pages.MainPage.refreshPage(MainPage.java:22)
	at Pages.MainPage.refreshPage(MainPage.java:22)
	at Pages.MainPage.refreshPage(MainPage.java:22)
	at Pages.MainPage.refreshPage(MainPage.java:22)
	at Pages.MainPage.refreshPage(MainPage.java:22)
	at Pages.MainPage.refreshPage(MainPage.java:22)
	at Pages.MainPage.refreshPage(MainPage.java:22)
	at Pages.MainPage.refreshPage(MainPage.java:22)
	at Pages.MainPage.refreshPage(MainPage.java:22)
	at Pages.MainPage.refreshPage(MainPage.java:22)
	at Pages.MainPage.refreshPage(MainPage.java:22)
	at Pages.MainPage.refreshPage(MainPage.java:22)
	at Pages.MainPage.refreshPage(MainPage.java:22)
	at Pages.MainPage.refreshPage(MainPage.java:22)
	at Pages.MainPage.refreshPage(MainPage.java:22)
	at Pages.MainPage.refreshPage(MainPage.java:22)
	at Pages.MainPage.refreshPage(MainPage.java:22)
	at Pages.MainPage.refreshPage(MainPage.java:22)
	at Pages.MainPage.refreshPage(MainPage.java:22)
	at Pages.MainPage.refreshPage(MainPage.java:22)
	at Pages.MainPage.refreshPage(MainPage.java:22)
	at Pages.MainPage.refreshPage(MainPage.java:22)
	at Pages.MainPage.refreshPage(MainPage.java:22)
	at Pages.MainPage.refreshPage(MainPage.java:22)
	at Pages.MainPage.refreshPage(MainPage.java:22)
	at Pages.MainPage.refreshPage(MainPage.java:22)
	at Pages.MainPage.refreshPage(MainPage.java:22)
	at Pages.MainPage.refreshPage(MainPage.java:22)
	at Pages.MainPage.refreshPage(MainPage.java:22)
	at Pages.MainPage.refreshPage(MainPage.java:22)
	at Pages.MainPage.refreshPage(MainPage.java:22)
	at Pages.MainPage.refreshPage(MainPage.java:22)
	at Pages.MainPage.refreshPage(MainPage.java:22)
	at Pages.MainPage.refreshPage(MainPage.java:22)
	at Pages.MainPage.refreshPage(MainPage.java:22)
	at Pages.MainPage.refreshPage(MainPage.java:22)
	at Pages.MainPage.refreshPage(MainPage.java:22)
	at Pages.MainPage.refreshPage(MainPage.java:22)
	at Pages.MainPage.refreshPage(MainPage.java:22)
	at Pages.MainPage.refreshPage(MainPage.java:22)
	at Pages.MainPage.refreshPage(MainPage.java:22)
	at Pages.MainPage.refreshPage(MainPage.java:22)
	at Pages.MainPage.refreshPage(MainPage.java:22)
	at Pages.MainPage.refreshPage(MainPage.java:22)
	at Pages.MainPage.refreshPage(MainPage.java:22)
	at Pages.MainPage.refreshPage(MainPage.java:22)
	at Pages.MainPage.refreshPage(MainPage.java:22)
	at Pages.MainPage.refreshPage(MainPage.java:22)
	at Pages.MainPage.refreshPage(MainPage.java:22)
	at Pages.MainPage.refreshPage(MainPage.java:22)
	at Pages.MainPage.refreshPage(MainPage.java:22)
	at Pages.MainPage.refreshPage(MainPage.java:22)
	at Pages.MainPage.refreshPage(MainPage.java:22)
	at Pages.MainPage.refreshPage(MainPage.java:22)
	at Pages.MainPage.refreshPage(MainPage.java:22)
	at Pages.MainPage.refreshPage(MainPage.java:22)
	at Pages.MainPage.refreshPage(MainPage.java:22)
	at Pages.MainPage.refreshPage(MainPage.java:22)
	at Pages.MainPage.refreshPage(MainPage.java:22)
	at Pages.MainPage.refreshPage(MainPage.java:22)
	at Pages.MainPage.refreshPage(MainPage.java:22)
	at Pages.MainPage.refreshPage(MainPage.java:22)
	at Pages.MainPage.refreshPage(MainPage.java:22)
	at Pages.MainPage.refreshPage(MainPage.java:22)
	at Pages.MainPage.refreshPage(MainPage.java:22)
	at Pages.MainPage.refreshPage(MainPage.java:22)
	at Pages.MainPage.refreshPage(MainPage.java:22)
	at Pages.MainPage.refreshPage(MainPage.java:22)
	at Pages.MainPage.refreshPage(MainPage.java:22)
	at Pages.MainPage.refreshPage(MainPage.java:22)
	at Pages.MainPage.refreshPage(MainPage.java:22)
	at Pages.MainPage.refreshPage(MainPage.java:22)
	at Pages.MainPage.refreshPage(MainPage.java:22)
	at Pages.MainPage.refreshPage(MainPage.java:22)
	at Pages.MainPage.refreshPage(MainPage.java:22)
	at Pages.MainPage.refreshPage(MainPage.java:22)
	at Pages.MainPage.refreshPage(MainPage.java:22)
	at Pages.MainPage.refreshPage(MainPage.java:22)
	at Pages.MainPage.refreshPage(MainPage.java:22)
	at Pages.MainPage.refreshPage(MainPage.java:22)
	at Pages.MainPage.refreshPage(MainPage.java:22)
	at Pages.MainPage.refreshPage(MainPage.java:22)
	at Pages.MainPage.refreshPage(MainPage.java:22)
	at Pages.MainPage.refreshPage(MainPage.java:22)
	at Pages.MainPage.refreshPage(MainPage.java:22)
	at Pages.MainPage.refreshPage(MainPage.java:22)
	at Pages.MainPage.refreshPage(MainPage.java:22)
	at Pages.MainPage.refreshPage(MainPage.java:22)
	at Pages.MainPage.refreshPage(MainPage.java:22)
	at Pages.MainPage.refreshPage(MainPage.java:22)
	at Pages.MainPage.refreshPage(MainPage.java:22)
	at Pages.MainPage.refreshPage(MainPage.java:22)
	at Pages.MainPage.refreshPage(MainPage.java:22)
	at Pages.MainPage.refreshPage(MainPage.java:22)
	at Pages.MainPage.refreshPage(MainPage.java:22)
	at Pages.MainPage.refreshPage(MainPage.java:22)
	at Pages.MainPage.refreshPage(MainPage.java:22)
	at Pages.MainPage.refreshPage(MainPage.java:22)
	at Pages.MainPage.refreshPage(MainPage.java:22)
	at Pages.MainPage.refreshPage(MainPage.java:22)
	at Pages.MainPage.refreshPage(MainPage.java:22)
	at Pages.MainPage.refreshPage(MainPage.java:22)
	at Pages.MainPage.refreshPage(MainPage.java:22)
	at Pages.MainPage.refreshPage(MainPage.java:22)
	at Pages.MainPage.refreshPage(MainPage.java:22)
	at Pages.MainPage.refreshPage(MainPage.java:22)
	at Pages.MainPage.refreshPage(MainPage.java:22)
	at Pages.MainPage.refreshPage(MainPage.java:22)
	at Pages.MainPage.refreshPage(MainPage.java:22)
	at Pages.MainPage.refreshPage(MainPage.java:22)
	at Pages.MainPage.refreshPage(MainPage.java:22)
	at Pages.MainPage.refreshPage(MainPage.java:22)
	at Pages.MainPage.refreshPage(MainPage.java:22)
	at Pages.MainPage.refreshPage(MainPage.java:22)
	at Pages.MainPage.refreshPage(MainPage.java:22)
	at Pages.MainPage.refreshPage(MainPage.java:22)
	at Pages.MainPage.refreshPage(MainPage.java:22)
	at Pages.MainPage.refreshPage(MainPage.java:22)
	at Pages.MainPage.refreshPage(MainPage.java:22)
	at Pages.MainPage.refreshPage(MainPage.java:22)
	at Pages.MainPage.refreshPage(MainPage.java:22)
	at Pages.MainPage.refreshPage(MainPage.java:22)
	at Pages.MainPage.refreshPage(MainPage.java:22)
	at Pages.MainPage.refreshPage(MainPage.java:22)
	at Pages.MainPage.refreshPage(MainPage.java:22)
	at Pages.MainPage.refreshPage(MainPage.java:22)
	at Pages.MainPage.refreshPage(MainPage.java:22)
	at Pages.MainPage.refreshPage(MainPage.java:22)
	at Pages.MainPage.refreshPage(MainPage.java:22)
	at Pages.MainPage.refreshPage(MainPage.java:22)
	at Pages.MainPage.refreshPage(MainPage.java:22)
	at Pages.MainPage.refreshPage(MainPage.java:22)
	at Pages.MainPage.refreshPage(MainPage.java:22)
	at Pages.MainPage.refreshPage(MainPage.java:22)
	at Pages.MainPage.refreshPage(MainPage.java:22)
	at Pages.MainPage.refreshPage(MainPage.java:22)
	at Pages.MainPage.refreshPage(MainPage.java:22)
	at Pages.MainPage.refreshPage(MainPage.java:22)
	at Pages.MainPage.refreshPage(MainPage.java:22)
	at Pages.MainPage.refreshPage(MainPage.java:22)
	at Pages.MainPage.refreshPage(MainPage.java:22)
	at Pages.MainPage.refreshPage(MainPage.java:22)
	at Pages.MainPage.refreshPage(MainPage.java:22)
	at Pages.MainPage.refreshPage(MainPage.java:22)
	at Pages.MainPage.refreshPage(MainPage.java:22)
	at Pages.MainPage.refreshPage(MainPage.java:22)
	at Pages.MainPage.refreshPage(MainPage.java:22)
	at Pages.MainPage.refreshPage(MainPage.java:22)
	at Pages.MainPage.refreshPage(MainPage.java:22)
	at Pages.MainPage.refreshPage(MainPage.java:22)
	at Pages.MainPage.refreshPage(MainPage.java:22)
	at Pages.MainPage.refreshPage(MainPage.java:22)
	at Pages.MainPage.refreshPage(MainPage.java:22)
	at Pages.MainPage.refreshPage(MainPage.java:22)
	at Pages.MainPage.refreshPage(MainPage.java:22)
	at Pages.MainPage.refreshPage(MainPage.java:22)
	at Pages.MainPage.refreshPage(MainPage.java:22)
	at Pages.MainPage.refreshPage(MainPage.java:22)
	at Pages.MainPage.refreshPage(MainPage.java:22)
	at Pages.MainPage.refreshPage(MainPage.java:22)
	at Pages.MainPage.refreshPage(MainPage.java:22)
	at Pages.MainPage.refreshPage(MainPage.java:22)
	at Pages.MainPage.refreshPage(MainPage.java:22)
	at Pages.MainPage.refreshPage(MainPage.java:22)
	at Pages.MainPage.refreshPage(MainPage.java:22)
	at Pages.MainPage.refreshPage(MainPage.java:22)
	at Pages.MainPage.refreshPage(MainPage.java:22)
	at Pages.MainPage.refreshPage(MainPage.java:22)
	at Pages.MainPage.refreshPage(MainPage.java:22)
	at Pages.MainPage.refreshPage(MainPage.java:22)
	at Pages.MainPage.refreshPage(MainPage.java:22)
	at Pages.MainPage.refreshPage(MainPage.java:22)
	at Pages.MainPage.refreshPage(MainPage.java:22)
	at Pages.MainPage.refreshPage(MainPage.java:22)
	at Pages.MainPage.refreshPage(MainPage.java:22)
	at Pages.MainPage.refreshPage(MainPage.java:22)
	at Pages.MainPage.refreshPage(MainPage.java:22)
	at Pages.MainPage.refreshPage(MainPage.java:22)
	at Pages.MainPage.refreshPage(MainPage.java:22)
	at Pages.MainPage.refreshPage(MainPage.java:22)
	at Pages.MainPage.refreshPage(MainPage.java:22)
	at Pages.MainPage.refreshPage(MainPage.java:22)
	at Pages.MainPage.refreshPage(MainPage.java:22)
	at Pages.MainPage.refreshPage(MainPage.java:22)
	at Pages.MainPage.refreshPage(MainPage.java:22)
	at Pages.MainPage.refreshPage(MainPage.java:22)
	at Pages.MainPage.refreshPage(MainPage.java:22)
	at Pages.MainPage.refreshPage(MainPage.java:22)
	at Pages.MainPage.refreshPage(MainPage.java:22)
	at Pages.MainPage.refreshPage(MainPage.java:22)
	at Pages.MainPage.refreshPage(MainPage.java:22)
	at Pages.MainPage.refreshPage(MainPage.java:22)
	at Pages.MainPage.refreshPage(MainPage.java:22)
	at Pages.MainPage.refreshPage(MainPage.java:22)
	at Pages.MainPage.refreshPage(MainPage.java:22)
	at Pages.MainPage.refreshPage(MainPage.java:22)
	at Pages.MainPage.refreshPage(MainPage.java:22)
	at Pages.MainPage.refreshPage(MainPage.java:22)
	at Pages.MainPage.refreshPage(MainPage.java:22)
	at Pages.MainPage.refreshPage(MainPage.java:22)
	at Pages.MainPage.refreshPage(MainPage.java:22)
	at Pages.MainPage.refreshPage(MainPage.java:22)
	at Pages.MainPage.refreshPage(MainPage.java:22)
	at Pages.MainPage.refreshPage(MainPage.java:22)
	at Pages.MainPage.refreshPage(MainPage.java:22)
	at Pages.MainPage.refreshPage(MainPage.java:22)
	at Pages.MainPage.refreshPage(MainPage.java:22)
	at Pages.MainPage.refreshPage(MainPage.java:22)
	at Pages.MainPage.refreshPage(MainPage.java:22)
	at Pages.MainPage.refreshPage(MainPage.java:22)
	at Pages.MainPage.refreshPage(MainPage.java:22)
	at Pages.MainPage.refreshPage(MainPage.java:22)
	at Pages.MainPage.refreshPage(MainPage.java:22)
	at Pages.MainPage.refreshPage(MainPage.java:22)
	at Pages.MainPage.refreshPage(MainPage.java:22)
	at Pages.MainPage.refreshPage(MainPage.java:22)
	at Pages.MainPage.refreshPage(MainPage.java:22)
	at Pages.MainPage.refreshPage(MainPage.java:22)
	at Pages.MainPage.refreshPage(MainPage.java:22)
	at Pages.MainPage.refreshPage(MainPage.java:22)
	at Pages.MainPage.refreshPage(MainPage.java:22)
	at Pages.MainPage.refreshPage(MainPage.java:22)
	at Pages.MainPage.refreshPage(MainPage.java:22)
	at Pages.MainPage.refreshPage(MainPage.java:22)
	at Pages.MainPage.refreshPage(MainPage.java:22)
	at Pages.MainPage.refreshPage(MainPage.java:22)
	at Pages.MainPage.refreshPage(MainPage.java:22)
	at Pages.MainPage.refreshPage(MainPage.java:22)
	at Pages.MainPage.refreshPage(MainPage.java:22)
	at Pages.MainPage.refreshPage(MainPage.java:22)
	at Pages.MainPage.refreshPage(MainPage.java:22)
	at Pages.MainPage.refreshPage(MainPage.java:22)
	at Pages.MainPage.refreshPage(MainPage.java:22)
	at Pages.MainPage.refreshPage(MainPage.java:22)
	at Pages.MainPage.refreshPage(MainPage.java:22)
	at Pages.MainPage.refreshPage(MainPage.java:22)
	at Pages.MainPage.refreshPage(MainPage.java:22)
	at Pages.MainPage.refreshPage(MainPage.java:22)
	at Pages.MainPage.refreshPage(MainPage.java:22)
	at Pages.MainPage.refreshPage(MainPage.java:22)
	at Pages.MainPage.refreshPage(MainPage.java:22)
	at Pages.MainPage.refreshPage(MainPage.java:22)
	at Pages.MainPage.refreshPage(MainPage.java:22)
	at Pages.MainPage.refreshPage(MainPage.java:22)
	at Pages.MainPage.refreshPage(MainPage.java:22)
	at Pages.MainPage.refreshPage(MainPage.java:22)
	at Pages.MainPage.refreshPage(MainPage.java:22)
	at Pages.MainPage.refreshPage(MainPage.java:22)
	at Pages.MainPage.refreshPage(MainPage.java:22)
	at Pages.MainPage.refreshPage(MainPage.java:22)
	at Pages.MainPage.refreshPage(MainPage.java:22)
	at Pages.MainPage.refreshPage(MainPage.java:22)
	at Pages.MainPage.refreshPage(MainPage.java:22)
	at Pages.MainPage.refreshPage(MainPage.java:22)
	at Pages.MainPage.refreshPage(MainPage.java:22)
	at Pages.MainPage.refreshPage(MainPage.java:22)
	at Pages.MainPage.refreshPage(MainPage.java:22)
	at Pages.MainPage.refreshPage(MainPage.java:22)
	at Pages.MainPage.refreshPage(MainPage.java:22)
	at Pages.MainPage.refreshPage(MainPage.java:22)
	at Pages.MainPage.refreshPage(MainPage.java:22)
	at Pages.MainPage.refreshPage(MainPage.java:22)
	at Pages.MainPage.refreshPage(MainPage.java:22)
	at Pages.MainPage.refreshPage(MainPage.java:22)
	at Pages.MainPage.refreshPage(MainPage.java:22)
	at Pages.MainPage.refreshPage(MainPage.java:22)
	at Pages.MainPage.refreshPage(MainPage.java:22)
	at Pages.MainPage.refreshPage(MainPage.java:22)
	at Pages.MainPage.refreshPage(MainPage.java:22)
]]>
            </full-stacktrace>
          </exception> <!-- java.lang.StackOverflowError -->
          <reporter-output>
          </reporter-output>
        </test-method> <!-- closePage -->
      </class> <!-- galka.streletskaya.myProject.TestSuite -->
    </test> <!-- Default test -->
  </suite> <!-- Default suite -->
</testng-results>
